<?xml version="1.0" encoding="UTF-8"?>
<!-- Generated by org.testng.reporters.JUnitReportReporter -->
<testsuite hostname="DESKTOP-70IQL56" failures="0" tests="10" name="tests.TestNG_Features" time="0.042" errors="0" timestamp="2023-12-23T11:02:09 PST" skipped="1">
  <testcase classname="tests.TestNG_Features" name="dividedByZeroExample1" time="0.005"/>
  <testcase classname="tests.TestNG_Features" name="executetimeOut" time="0.008"/>
  <testcase classname="tests.TestNG_Features" name="runTestMultipleTimes" time="0.002"/>
  <testcase classname="tests.TestNG_Features" name="test" time="0.002"/>
  <testcase classname="tests.TestNG_Features" name="runTestMultipleTimes" time="0.003"/>
  <testcase classname="tests.TestNG_Features" name="description" time="0.013"/>
  <testcase classname="tests.TestNG_Features" name="runTestMultipleTimes" time="0.003"/>
  <testcase classname="tests.TestNG_Features" name="priority" time="0.003"/>
  <testcase classname="tests.TestNG_Features" name="integration" time="0.003"/>
  <testcase classname="tests.TestNG_Features" name="ignoreTest">
    <skipped/>
  </testcase> <!-- ignoreTest -->
</testsuite> <!-- tests.TestNG_Features -->
