<?xml version="1.0" encoding="UTF-8"?>
<!-- Generated by org.testng.reporters.JUnitReportReporter -->
<testsuite hostname="DESKTOP-BJQONDE" failures="0" tests="1" name="tests.DataProviderLecture" time="0.023" errors="0" timestamp="2023-12-19T12:41:11 PST" skipped="0">
  <testcase classname="tests.DataProviderLecture" name="test1" time="0.023"/>
</testsuite> <!-- tests.DataProviderLecture -->
