<?xml version="1.0" encoding="UTF-8"?>
<!-- Generated by org.testng.reporters.JUnitReportReporter -->
<testsuite hostname="DESKTOP-70IQL56" failures="0" tests="3" name="tests.Data_Provider" time="0.063" errors="0" timestamp="2023-12-23T13:05:43 PST" skipped="0">
  <testcase classname="tests.Data_Provider" name="test1" time="0.011"/>
  <testcase classname="tests.Data_Provider" name="test1" time="0.044"/>
  <testcase classname="tests.Data_Provider" name="test1" time="0.008"/>
</testsuite> <!-- tests.Data_Provider -->
