<?xml version="1.0" encoding="UTF-8"?>
<!-- Generated by org.testng.reporters.JUnitReportReporter -->
<testsuite hostname="Sayed-Sadat" failures="0" tests="10" name="tests.TestNG_Features" time="0.093" errors="0" timestamp="2023-12-09T13:07:35 PST" skipped="1">
  <testcase classname="tests.TestNG_Features" name="description" time="0.021"/>
  <testcase classname="tests.TestNG_Features" name="test" time="0.018"/>
  <testcase classname="tests.TestNG_Features" name="runTestMultipleTimes" time="0.006"/>
  <testcase classname="tests.TestNG_Features" name="dividedByZeroExample1" time="0.003"/>
  <testcase classname="tests.TestNG_Features" name="runTestMultipleTimes" time="0.002"/>
  <testcase classname="tests.TestNG_Features" name="executetimeOut" time="0.024"/>
  <testcase classname="tests.TestNG_Features" name="runTestMultipleTimes" time="0.014"/>
  <testcase classname="tests.TestNG_Features" name="priority" time="0.002"/>
  <testcase classname="tests.TestNG_Features" name="integration" time="0.003"/>
  <testcase classname="tests.TestNG_Features" name="ignoreTest">
    <skipped/>
  </testcase> <!-- ignoreTest -->
</testsuite> <!-- tests.TestNG_Features -->
