<?xml version="1.0" encoding="UTF-8"?>
<!-- Generated by org.testng.reporters.JUnitReportReporter -->
<testsuite hostname="DESKTOP-70IQL56" failures="0" tests="2" name="tests.RegistrationFormTest" time="9.789" errors="0" timestamp="2023-12-27T13:58:46 PST" skipped="0">
  <testcase classname="tests.RegistrationFormTest" name="test" time="4.755"/>
  <testcase classname="tests.RegistrationFormTest" name="test" time="5.034"/>
</testsuite> <!-- tests.RegistrationFormTest -->
