<?xml version="1.0" encoding="UTF-8"?>
<!-- Generated by org.testng.reporters.JUnitReportReporter -->
<testsuite hostname="Sayed-Sadat" failures="0" tests="10" name="tests.Tests" time="0.037" errors="0" timestamp="2023-12-08T19:32:22 PST" skipped="2">
  <testcase classname="tests.Tests" name="test6" time="0.006"/>
  <testcase classname="tests.Tests" name="test5" time="0.006"/>
  <testcase classname="tests.Tests" name="test8" time="0.003"/>
  <testcase classname="tests.Tests" name="test9" time="0.002"/>
  <testcase classname="tests.Tests" name="test10" time="0.015"/>
  <testcase classname="tests.Tests" name="test7" time="0.001"/>
  <testcase classname="tests.Tests" name="test3" time="0.002"/>
  <testcase classname="tests.Tests" name="test4" time="0.002"/>
  <testcase classname="tests.Tests" name="test1">
    <skipped/>
  </testcase> <!-- test1 -->
  <testcase classname="tests.Tests" name="test2">
    <skipped/>
  </testcase> <!-- test2 -->
</testsuite> <!-- tests.Tests -->
