<?xml version="1.0" encoding="UTF-8"?>
<!-- Generated by org.testng.reporters.JUnitReportReporter -->
<testsuite hostname="DESKTOP-BJQONDE" failures="0" tests="2" name="tests.TestNG_Annotations" time="0.032" errors="0" timestamp="2023-12-14T14:27:29 PST" skipped="0">
  <testcase classname="tests.TestNG_Annotations" name="test2" time="0.014"/>
  <testcase classname="tests.TestNG_Annotations" name="test1" time="0.018"/>
</testsuite> <!-- tests.TestNG_Annotations -->
