<?xml version="1.0" encoding="UTF-8"?>
<!-- Generated by org.testng.reporters.JUnitReportReporter -->
<testsuite hostname="DESKTOP-70IQL56" failures="0" tests="1" name="tests.TestNG_Grouping" time="0.018" errors="0" timestamp="2023-12-31T11:46:08 PST" skipped="0">
  <testcase classname="tests.TestNG_Grouping" name="test2" time="0.018"/>
</testsuite> <!-- tests.TestNG_Grouping -->
