<?xml version="1.0" encoding="UTF-8"?>
<!-- Generated by org.testng.reporters.JUnitReportReporter -->
<testsuite hostname="Sayed-Sadat" failures="0" tests="5" name="tests.Tests" time="0.049" errors="0" timestamp="2023-11-25T12:44:39 PST" skipped="2">
  <testcase classname="tests.Tests" name="test7" time="0.019"/>
  <testcase classname="tests.Tests" name="test9" time="0.015"/>
  <testcase classname="tests.Tests" name="test4" time="0.015"/>
  <testcase classname="tests.Tests" name="test2">
    <skipped/>
  </testcase> <!-- test2 -->
  <testcase classname="tests.Tests" name="test1">
    <skipped/>
  </testcase> <!-- test1 -->
</testsuite> <!-- tests.Tests -->
