<?xml version="1.0" encoding="UTF-8"?>
<!-- Generated by org.testng.reporters.JUnitReportReporter -->
<testsuite hostname="DESKTOP-BJQONDE" failures="0" tests="3" name="tests.Data_Provider" time="0.022" errors="0" timestamp="2023-12-19T13:23:02 PST" skipped="0">
  <testcase classname="tests.Data_Provider" name="test1" time="0.012"/>
  <testcase classname="tests.Data_Provider" name="test1" time="0.002"/>
  <testcase classname="tests.Data_Provider" name="test1" time="0.008"/>
</testsuite> <!-- tests.Data_Provider -->
