<?xml version="1.0" encoding="UTF-8"?>
<!-- Generated by org.testng.reporters.JUnitReportReporter -->
<testsuite hostname="Sayed-Sadat" failures="0" tests="3" name="tests.LoginTest" time="0.009" errors="0" timestamp="2023-11-17T10:56:46 PST" skipped="2">
  <testcase classname="tests.LoginTest" name="test2" time="0.009"/>
  <testcase classname="tests.LoginTest" name="test3">
    <skipped/>
  </testcase> <!-- test3 -->
  <testcase classname="tests.LoginTest" name="test1">
    <skipped/>
  </testcase> <!-- test1 -->
</testsuite> <!-- tests.LoginTest -->
