<?xml version="1.0" encoding="UTF-8"?>
<!-- Generated by org.testng.reporters.JUnitReportReporter -->
<testsuite hostname="Sayed-Sadat" failures="0" tests="2" name="tests.TestNG_Grouping" time="0.098" errors="0" timestamp="2023-12-09T13:55:02 PST" skipped="0">
  <testcase classname="tests.TestNG_Grouping" name="test4" time="0.003"/>
  <testcase classname="tests.TestNG_Grouping" name="test2" time="0.095"/>
</testsuite> <!-- tests.TestNG_Grouping -->
