<?xml version="1.0" encoding="UTF-8"?>
<!-- Generated by org.testng.reporters.JUnitReportReporter -->
<testsuite hostname="Sayed-Sadat" failures="0" tests="3" name="tests.Annotations" time="0.030" errors="0" timestamp="2023-11-11T12:47:57 PST" skipped="0">
  <testcase classname="tests.Annotations" name="test2" time="0.003"/>
  <testcase classname="tests.Annotations" name="test1" time="0.018"/>
  <testcase classname="tests.Annotations" name="test3" time="0.009"/>
</testsuite> <!-- tests.Annotations -->
