<?xml version="1.0" encoding="UTF-8"?>
<!-- Generated by org.testng.reporters.JUnitReportReporter -->
<testsuite hostname="Sayed-Sadat" failures="0" tests="5" name="tests.TestNG_Annotations" time="0.051" errors="0" timestamp="2023-11-18T12:15:04 PST" skipped="2">
  <testcase classname="tests.TestNG_Annotations" name="test3" time="0.024"/>
  <testcase classname="tests.TestNG_Annotations" name="test3" time="0.016"/>
  <testcase classname="tests.TestNG_Annotations" name="test4" time="0.011"/>
  <testcase classname="tests.TestNG_Annotations" name="test1">
    <skipped/>
  </testcase> <!-- test1 -->
  <testcase classname="tests.TestNG_Annotations" name="test2">
    <skipped/>
  </testcase> <!-- test2 -->
</testsuite> <!-- tests.TestNG_Annotations -->
