<?xml version="1.0" encoding="UTF-8"?>
<!-- Generated by org.testng.reporters.JUnitReportReporter -->
<testsuite hostname="DESKTOP-BJQONDE" failures="0" tests="2" name="tests.DataProvide" time="0.019" errors="0" timestamp="2023-12-19T11:50:25 PST" skipped="0">
  <testcase classname="tests.DataProvide" name="myTest" time="0.011"/>
  <testcase classname="tests.DataProvide" name="myTest" time="0.008"/>
</testsuite> <!-- tests.DataProvide -->
