<?xml version="1.0" encoding="UTF-8"?>
<!-- Generated by org.testng.reporters.JUnitReportReporter -->
<testsuite hostname="Sayed-Sadat" failures="0" tests="2" name="tests.TestNG_Annotations" time="0.020" errors="0" timestamp="2023-12-09T12:57:04 PST" skipped="0">
  <testcase classname="tests.TestNG_Annotations" name="test2" time="0.007"/>
  <testcase classname="tests.TestNG_Annotations" name="test1" time="0.013"/>
</testsuite> <!-- tests.TestNG_Annotations -->
