<?xml version="1.0" encoding="UTF-8"?>
<!-- Generated by org.testng.reporters.JUnitReportReporter -->
<testsuite hostname="DESKTOP-70IQL56" failures="0" tests="2" name="tests.Assertions_Hard" time="1.252" errors="0" timestamp="2024-01-13T13:01:53 PST" skipped="0">
  <testcase classname="tests.Assertions_Hard" name="test2" time="0.066"/>
  <system-out/>
  <testcase classname="tests.Assertions_Hard" name="test1" time="1.186"/>
  <system-out/>
</testsuite> <!-- tests.Assertions_Hard -->
