<?xml version="1.0" encoding="UTF-8"?>
<!-- Generated by org.testng.reporters.JUnitReportReporter -->
<testsuite hostname="Sayed-Sadat" failures="0" tests="5" name="tests.TestNG_Annotations" time="0.068" errors="0" timestamp="2023-11-17T10:34:25 PST" skipped="0">
  <testcase classname="tests.TestNG_Annotations" name="failTest" time="0.030"/>
  <testcase classname="tests.TestNG_Annotations" name="test2" time="0.012"/>
  <testcase classname="tests.TestNG_Annotations" name="login" time="0.006"/>
  <testcase classname="tests.TestNG_Annotations" name="test1" time="0.014"/>
  <testcase classname="tests.TestNG_Annotations" name="test0" time="0.006"/>
</testsuite> <!-- tests.TestNG_Annotations -->
