<?xml version="1.0" encoding="UTF-8"?>
<!-- Generated by org.testng.reporters.JUnitReportReporter -->
<testsuite hostname="DESKTOP-70IQL56" failures="0" tests="1" name="tests.Parameterization" time="0.030" errors="0" timestamp="2023-12-23T13:50:13 PST" skipped="0">
  <testcase classname="tests.Parameterization" name="test" time="0.030"/>
</testsuite> <!-- tests.Parameterization -->
